2022-06-25 14:46:54,705 [INFO] in scala-execution-context-global-37 - [info] com.jpro.JS - received msg: new MainID: 1408 userid: 947758200
2022-06-25 14:46:57,391 [INFO] in scala-execution-context-global-37 - [info] c.jpro - application requested: 27398397
2022-06-25 14:46:57,392 [INFO] in scala-execution-context-global-37 - [info] c.jpro - Creating Application: 27398397
2022-06-25 14:46:57,393 [INFO] in scala-execution-context-global-37 - [info] c.jpro - remoteAddress 0:0:0:0:0:0:0:1
2022-06-25 14:46:57,394 [INFO] in scala-execution-context-global-37 - [info] c.jpro - host          localhost:8080
2022-06-25 14:46:57,394 [INFO] in scala-execution-context-global-37 - [info] c.jpro - uri           /app/ws/27398397
2022-06-25 14:46:57,480 [INFO] in scala-execution-context-global-37 - [info] com.jpro.JS - received msg: new MainID: 239 userid: 1491380410
2022-06-25 14:46:58,415 [INFO] in scala-execution-context-global-40 - [info] c.jpro - application requested: 1437809541
2022-06-25 14:46:58,416 [INFO] in scala-execution-context-global-40 - [info] c.jpro - Creating Application: 1437809541
2022-06-25 14:46:58,416 [INFO] in scala-execution-context-global-40 - [info] c.jpro - remoteAddress 0:0:0:0:0:0:0:1
2022-06-25 14:46:58,417 [INFO] in scala-execution-context-global-40 - [info] c.jpro - host          localhost:8080
2022-06-25 14:46:58,418 [INFO] in scala-execution-context-global-40 - [info] c.jpro - uri           /app/ws/1437809541
2022-06-25 14:46:58,535 [INFO] in scala-execution-context-global-62 - [info] com.jpro.JS - received msg: new MainID: 583 userid: 1508737149
2022-06-25 14:46:59,938 [INFO] in scala-execution-context-global-62 - [warn] c.j.i.s.ViewSerializerActor - Unexpected message form client, closing session.
2022-06-25 14:46:59,947 [INFO] in scala-execution-context-global-62 - [info] c.j.i.s.ViewInfo$ - 
2022-06-25 14:46:59,951 [INFO] in scala-execution-context-global-62 - [info] c.j.i.s.ViewInfo$ - Application closed:
2022-06-25 14:46:59,971 [INFO] in scala-execution-context-global-62 - [info] c.j.i.s.ViewInfo$ - startTime      : Sat Jun 25 14:46:59 CEST 2022      
2022-06-25 14:46:59,974 [INFO] in scala-execution-context-global-62 - [info] c.j.i.s.ViewInfo$ - averageLatency : 00:00:00.003 
2022-06-25 14:46:59,978 [INFO] in scala-execution-context-global-62 - [info] c.j.i.s.ViewInfo$ - averageJitter  : 00:00:00.003  
2022-06-25 14:46:59,979 [INFO] in scala-execution-context-global-62 - [info] c.j.i.s.ViewInfo$ - framerateServer: 00:00:00.000
2022-06-25 14:46:59,983 [INFO] in scala-execution-context-global-62 - [info] c.j.i.s.ViewInfo$ - framerateClient: 00:00:00.000
2022-06-25 14:46:59,983 [INFO] in scala-execution-context-global-62 - [info] c.j.i.s.ViewInfo$ - raw            : 43416
2022-06-25 14:46:59,985 [INFO] in scala-execution-context-global-62 - [info] c.j.i.s.ViewInfo$ - zipped         : 7843
2022-06-25 14:46:59,987 [INFO] in scala-execution-context-global-62 - [info] c.j.i.s.ViewInfo$ - 
2022-06-25 14:47:00,450 [INFO] in scala-execution-context-global-62 - [warn] c.j.i.s.ViewSerializerActor - Unexpected message form client, closing session.
2022-06-25 14:47:00,452 [INFO] in scala-execution-context-global-62 - [info] c.j.i.s.ViewInfo$ - 
2022-06-25 14:47:00,453 [INFO] in scala-execution-context-global-62 - [info] c.j.i.s.ViewInfo$ - Application closed:
2022-06-25 14:47:00,454 [INFO] in scala-execution-context-global-62 - [info] c.j.i.s.ViewInfo$ - startTime      : Sat Jun 25 14:47:00 CEST 2022      
2022-06-25 14:47:00,454 [INFO] in scala-execution-context-global-62 - [info] c.j.i.s.ViewInfo$ - averageLatency : 00:00:00.002 
2022-06-25 14:47:00,455 [INFO] in scala-execution-context-global-62 - [info] c.j.i.s.ViewInfo$ - averageJitter  : 00:00:00.000  
2022-06-25 14:47:00,455 [INFO] in scala-execution-context-global-62 - [info] c.j.i.s.ViewInfo$ - framerateServer: 00:00:00.000
2022-06-25 14:47:00,456 [INFO] in scala-execution-context-global-62 - [info] c.j.i.s.ViewInfo$ - framerateClient: 00:00:00.000
2022-06-25 14:47:00,457 [INFO] in scala-execution-context-global-62 - [info] c.j.i.s.ViewInfo$ - raw            : 40730
2022-06-25 14:47:00,458 [INFO] in scala-execution-context-global-62 - [info] c.j.i.s.ViewInfo$ - zipped         : 9902
2022-06-25 14:47:00,459 [INFO] in scala-execution-context-global-62 - [info] c.j.i.s.ViewInfo$ - 
2022-06-25 14:47:00,943 [INFO] in scala-execution-context-global-62 - [info] c.j.i.c.InstanceImpl - closing window!
2022-06-25 14:47:01,455 [INFO] in scala-execution-context-global-62 - [info] c.j.i.c.InstanceImpl - closing window!
2022-06-25 14:47:03,881 [INFO] in scala-execution-context-global-62 - [warn] c.j.i.s.ViewSerializerActor - Unexpected message form client, closing session.
2022-06-25 14:47:03,883 [INFO] in scala-execution-context-global-62 - [info] c.j.i.s.ViewInfo$ - 
2022-06-25 14:47:03,884 [INFO] in scala-execution-context-global-62 - [info] c.j.i.s.ViewInfo$ - Application closed:
2022-06-25 14:47:03,884 [INFO] in scala-execution-context-global-62 - [info] c.j.i.s.ViewInfo$ - startTime      : Sat Jun 25 14:47:03 CEST 2022      
2022-06-25 14:47:03,884 [INFO] in scala-execution-context-global-62 - [info] c.j.i.s.ViewInfo$ - averageLatency : 00:00:00.002 
2022-06-25 14:47:03,885 [INFO] in scala-execution-context-global-62 - [info] c.j.i.s.ViewInfo$ - averageJitter  : 00:00:00.000  
2022-06-25 14:47:03,885 [INFO] in scala-execution-context-global-62 - [info] c.j.i.s.ViewInfo$ - framerateServer: 00:00:00.000
2022-06-25 14:47:03,885 [INFO] in scala-execution-context-global-62 - [info] c.j.i.s.ViewInfo$ - framerateClient: 00:00:00.000
2022-06-25 14:47:03,886 [INFO] in scala-execution-context-global-62 - [info] c.j.i.s.ViewInfo$ - raw            : 175637
2022-06-25 14:47:03,886 [INFO] in scala-execution-context-global-62 - [info] c.j.i.s.ViewInfo$ - zipped         : 33220
2022-06-25 14:47:03,886 [INFO] in scala-execution-context-global-62 - [info] c.j.i.s.ViewInfo$ - 
2022-06-25 14:47:04,880 [INFO] in scala-execution-context-global-40 - [info] c.j.i.c.InstanceImpl - closing window!
