2022-06-20 12:38:12,030 [INFO] from akka.event.slf4j.Slf4jLogger in application-akka.actor.default-dispatcher-5 - Slf4jLogger started
2022-06-20 12:38:13,232 [INFO] from play.api.Play in Thread-0 - Application started (Prod) (no global state)
2022-06-20 12:38:13,731 [INFO] from play.core.server.AkkaHttpServer in Thread-0 - Enabling HTTP/2 on Akka HTTP server...
2022-06-20 12:38:13,732 [INFO] from play.core.server.AkkaHttpServer in Thread-0 - Listening for HTTP on /0:0:0:0:0:0:0:0:8080
2022-06-20 12:38:13,920 [INFO] from com.jpro.activity in application-akka.actor.default-dispatcher-8 - Starting the server
2022-06-20 12:38:13,925 [INFO] from com.jpro.internal.server.Initializer$ in application-akka.actor.default-dispatcher-8 -  *** Starting JPro: https://www.jpro.one/ ***
2022-06-20 12:38:13,925 [INFO] from com.jpro.internal.server.Initializer$ in application-akka.actor.default-dispatcher-8 - OS: Windows 10
2022-06-20 12:38:13,934 [INFO] from com.jpro.internal.server.Initializer$ in application-akka.actor.default-dispatcher-8 - JPro: 2022.1.2
2022-06-20 12:38:13,934 [INFO] from com.jpro.internal.server.Initializer$ in application-akka.actor.default-dispatcher-8 - Java version: 11.0.14
2022-06-20 12:38:13,935 [INFO] from com.jpro.internal.server.Initializer$ in application-akka.actor.default-dispatcher-8 - JVM: 11.0.14 Oracle Corporation
2022-06-20 12:38:13,937 [INFO] from com.jpro.internal.server.Initializer$ in application-akka.actor.default-dispatcher-8 - JavaFX jar: file:/C:/Users/diego.montes/.m2/repository/org/openjfx/javafx-graphics/18.0.1.1-jpro+0/javafx-graphics-18.0.1.1-jpro+0-win.jar
2022-06-20 12:38:13,947 [INFO] from com.jpro.internal.server.Initializer$ in application-akka.actor.default-dispatcher-8 - redirected OUT / ERR
2022-06-20 12:38:13,951 [INFO] from com.jpro.internal.server.Initializer$ in application-akka.actor.default-dispatcher-8 - installed SLF4JBridge
2022-06-20 12:38:14,031 [WARN] from javafx in application-akka.actor.default-dispatcher-8 - Unsupported JavaFX configuration: classes were loaded from 'unnamed module @2ec028b2'
2022-06-20 12:38:14,611 [INFO] from com.jpro.internal.server.Initializer$ in JavaFX Application Thread - JavaFX version: 18.0.1.1-jpro+0-2022-05-06-133527
2022-06-20 12:38:14,638 [INFO] from com.jpro.internal.server.Initializer$ in application-akka.actor.default-dispatcher-8 - finished init!
2022-06-20 12:38:15,563 [INFO] from controllers.jpro in application-akka.actor.default-dispatcher-13 - application requested: default
2022-06-20 12:38:15,581 [INFO] from controllers.jpro in application-akka.actor.default-dispatcher-13 - Creating Application: default
2022-06-20 12:38:15,585 [INFO] from controllers.jpro in application-akka.actor.default-dispatcher-13 - remoteAddress 0:0:0:0:0:0:0:1
2022-06-20 12:38:15,587 [INFO] from controllers.jpro in application-akka.actor.default-dispatcher-13 - host          localhost:8080
2022-06-20 12:38:15,587 [INFO] from controllers.jpro in application-akka.actor.default-dispatcher-13 - uri           /app/ws/default
2022-06-20 12:38:15,835 [ERROR] from com.jpro.internal.server.ViewSerializerActor in JavaFX Application Thread - JavaFXStreamer - got Exception: 
java.lang.ClassNotFoundException: com.jpro.hellojpro.HelloJProFXML
	at java.base/jdk.internal.loader.BuiltinClassLoader.loadClass(BuiltinClassLoader.java:581)
	at java.base/jdk.internal.loader.ClassLoaders$AppClassLoader.loadClass(ClassLoaders.java:178)
	at java.base/java.lang.ClassLoader.loadClass(ClassLoader.java:521)
	at simplefx.util.ReflectionUtil.loadClass(ReflectionUtil.scala:38)
	at simplefx.util.ReflectionUtil.callNew(ReflectionUtil.scala:103)
	at com.jpro.internal.config.ApplicationStarter$.startApplication(ApplicationStarter.scala:108)
	at com.jpro.internal.config.ApplicationStarter$.requestApplication(ApplicationStarter.scala:94)
	at com.jpro.internal.config.ApplicationStarter$.getApplication(ApplicationStarter.scala:60)
	at com.jpro.internal.communicator.ViewImpl.<init>(ViewImpl.scala:30)
	at com.jpro.internal.server.ViewByActor.<init>(ViewSerializerActor.scala:116)
	at com.jpro.internal.server.ViewSerializerActor$$anonfun$receive$2$$anonfun$applyOrElse$1.$anonfun$applyOrElse$2(ViewSerializerActor.scala:70)
	at simplefx.cores.standard.parts.CoreTimeEvent$$anon$3.run(CoreTimeEvent.scala:62)
	at com.sun.javafx.application.PlatformImpl.lambda$runLater$10(PlatformImpl.java:457)
	at java.base/java.security.AccessController.doPrivileged(Native Method)
	at com.sun.javafx.application.PlatformImpl.lambda$runLater$11(PlatformImpl.java:456)
	at com.sun.glass.ui.monocle.RunnableProcessor.runLoop(RunnableProcessor.java:92)
	at com.sun.glass.ui.monocle.RunnableProcessor.run(RunnableProcessor.java:51)
	at java.base/java.lang.Thread.run(Thread.java:834)
2022-06-20 12:38:20,887 [INFO] from controllers.jpro in application-akka.actor.default-dispatcher-12 - application requested: default
2022-06-20 12:38:20,888 [INFO] from controllers.jpro in application-akka.actor.default-dispatcher-12 - Creating Application: default
2022-06-20 12:38:20,888 [INFO] from controllers.jpro in application-akka.actor.default-dispatcher-12 - remoteAddress 0:0:0:0:0:0:0:1
2022-06-20 12:38:20,888 [INFO] from controllers.jpro in application-akka.actor.default-dispatcher-12 - host          localhost:8080
2022-06-20 12:38:20,888 [INFO] from controllers.jpro in application-akka.actor.default-dispatcher-12 - uri           /app/ws/default
2022-06-20 12:38:20,907 [ERROR] from com.jpro.internal.server.ViewSerializerActor in JavaFX Application Thread - JavaFXStreamer - got Exception: 
java.lang.ClassNotFoundException: com.jpro.hellojpro.HelloJProFXML
	at java.base/jdk.internal.loader.BuiltinClassLoader.loadClass(BuiltinClassLoader.java:581)
	at java.base/jdk.internal.loader.ClassLoaders$AppClassLoader.loadClass(ClassLoaders.java:178)
	at java.base/java.lang.ClassLoader.loadClass(ClassLoader.java:521)
	at simplefx.util.ReflectionUtil.loadClass(ReflectionUtil.scala:38)
	at simplefx.util.ReflectionUtil.callNew(ReflectionUtil.scala:103)
	at com.jpro.internal.config.ApplicationStarter$.startApplication(ApplicationStarter.scala:108)
	at com.jpro.internal.config.ApplicationStarter$.requestApplication(ApplicationStarter.scala:94)
	at com.jpro.internal.config.ApplicationStarter$.getApplication(ApplicationStarter.scala:60)
	at com.jpro.internal.communicator.ViewImpl.<init>(ViewImpl.scala:30)
	at com.jpro.internal.server.ViewByActor.<init>(ViewSerializerActor.scala:116)
	at com.jpro.internal.server.ViewSerializerActor$$anonfun$receive$2$$anonfun$applyOrElse$1.$anonfun$applyOrElse$2(ViewSerializerActor.scala:70)
	at simplefx.cores.standard.parts.CoreTimeEvent$$anon$3.run(CoreTimeEvent.scala:62)
	at com.sun.javafx.application.PlatformImpl.lambda$runLater$10(PlatformImpl.java:457)
	at java.base/java.security.AccessController.doPrivileged(Native Method)
	at com.sun.javafx.application.PlatformImpl.lambda$runLater$11(PlatformImpl.java:456)
	at com.sun.glass.ui.monocle.RunnableProcessor.runLoop(RunnableProcessor.java:92)
	at com.sun.glass.ui.monocle.RunnableProcessor.run(RunnableProcessor.java:51)
	at java.base/java.lang.Thread.run(Thread.java:834)
2022-06-20 12:38:26,169 [INFO] from controllers.jpro in application-akka.actor.default-dispatcher-12 - application requested: default
2022-06-20 12:38:26,170 [INFO] from controllers.jpro in application-akka.actor.default-dispatcher-12 - Creating Application: default
2022-06-20 12:38:26,170 [INFO] from controllers.jpro in application-akka.actor.default-dispatcher-12 - remoteAddress 0:0:0:0:0:0:0:1
2022-06-20 12:38:26,170 [INFO] from controllers.jpro in application-akka.actor.default-dispatcher-12 - host          localhost:8080
2022-06-20 12:38:26,170 [INFO] from controllers.jpro in application-akka.actor.default-dispatcher-12 - uri           /app/ws/default
2022-06-20 12:38:26,183 [ERROR] from com.jpro.internal.server.ViewSerializerActor in JavaFX Application Thread - JavaFXStreamer - got Exception: 
java.lang.ClassNotFoundException: com.jpro.hellojpro.HelloJProFXML
	at java.base/jdk.internal.loader.BuiltinClassLoader.loadClass(BuiltinClassLoader.java:581)
	at java.base/jdk.internal.loader.ClassLoaders$AppClassLoader.loadClass(ClassLoaders.java:178)
	at java.base/java.lang.ClassLoader.loadClass(ClassLoader.java:521)
	at simplefx.util.ReflectionUtil.loadClass(ReflectionUtil.scala:38)
	at simplefx.util.ReflectionUtil.callNew(ReflectionUtil.scala:103)
	at com.jpro.internal.config.ApplicationStarter$.startApplication(ApplicationStarter.scala:108)
	at com.jpro.internal.config.ApplicationStarter$.requestApplication(ApplicationStarter.scala:94)
	at com.jpro.internal.config.ApplicationStarter$.getApplication(ApplicationStarter.scala:60)
	at com.jpro.internal.communicator.ViewImpl.<init>(ViewImpl.scala:30)
	at com.jpro.internal.server.ViewByActor.<init>(ViewSerializerActor.scala:116)
	at com.jpro.internal.server.ViewSerializerActor$$anonfun$receive$2$$anonfun$applyOrElse$1.$anonfun$applyOrElse$2(ViewSerializerActor.scala:70)
	at simplefx.cores.standard.parts.CoreTimeEvent$$anon$3.run(CoreTimeEvent.scala:62)
	at com.sun.javafx.application.PlatformImpl.lambda$runLater$10(PlatformImpl.java:457)
	at java.base/java.security.AccessController.doPrivileged(Native Method)
	at com.sun.javafx.application.PlatformImpl.lambda$runLater$11(PlatformImpl.java:456)
	at com.sun.glass.ui.monocle.RunnableProcessor.runLoop(RunnableProcessor.java:92)
	at com.sun.glass.ui.monocle.RunnableProcessor.run(RunnableProcessor.java:51)
	at java.base/java.lang.Thread.run(Thread.java:834)
2022-06-20 12:38:31,219 [INFO] from controllers.jpro in application-akka.actor.default-dispatcher-5 - application requested: default
2022-06-20 12:38:31,219 [INFO] from controllers.jpro in application-akka.actor.default-dispatcher-5 - Creating Application: default
2022-06-20 12:38:31,219 [INFO] from controllers.jpro in application-akka.actor.default-dispatcher-5 - remoteAddress 0:0:0:0:0:0:0:1
2022-06-20 12:38:31,219 [INFO] from controllers.jpro in application-akka.actor.default-dispatcher-5 - host          localhost:8080
2022-06-20 12:38:31,219 [INFO] from controllers.jpro in application-akka.actor.default-dispatcher-5 - uri           /app/ws/default
2022-06-20 12:38:31,228 [ERROR] from com.jpro.internal.server.ViewSerializerActor in JavaFX Application Thread - JavaFXStreamer - got Exception: 
java.lang.ClassNotFoundException: com.jpro.hellojpro.HelloJProFXML
	at java.base/jdk.internal.loader.BuiltinClassLoader.loadClass(BuiltinClassLoader.java:581)
	at java.base/jdk.internal.loader.ClassLoaders$AppClassLoader.loadClass(ClassLoaders.java:178)
	at java.base/java.lang.ClassLoader.loadClass(ClassLoader.java:521)
	at simplefx.util.ReflectionUtil.loadClass(ReflectionUtil.scala:38)
	at simplefx.util.ReflectionUtil.callNew(ReflectionUtil.scala:103)
	at com.jpro.internal.config.ApplicationStarter$.startApplication(ApplicationStarter.scala:108)
	at com.jpro.internal.config.ApplicationStarter$.requestApplication(ApplicationStarter.scala:94)
	at com.jpro.internal.config.ApplicationStarter$.getApplication(ApplicationStarter.scala:60)
	at com.jpro.internal.communicator.ViewImpl.<init>(ViewImpl.scala:30)
	at com.jpro.internal.server.ViewByActor.<init>(ViewSerializerActor.scala:116)
	at com.jpro.internal.server.ViewSerializerActor$$anonfun$receive$2$$anonfun$applyOrElse$1.$anonfun$applyOrElse$2(ViewSerializerActor.scala:70)
	at simplefx.cores.standard.parts.CoreTimeEvent$$anon$3.run(CoreTimeEvent.scala:62)
	at com.sun.javafx.application.PlatformImpl.lambda$runLater$10(PlatformImpl.java:457)
	at java.base/java.security.AccessController.doPrivileged(Native Method)
	at com.sun.javafx.application.PlatformImpl.lambda$runLater$11(PlatformImpl.java:456)
	at com.sun.glass.ui.monocle.RunnableProcessor.runLoop(RunnableProcessor.java:92)
	at com.sun.glass.ui.monocle.RunnableProcessor.run(RunnableProcessor.java:51)
	at java.base/java.lang.Thread.run(Thread.java:834)
2022-06-20 12:38:36,358 [INFO] from controllers.jpro in application-akka.actor.default-dispatcher-8 - application requested: default
2022-06-20 12:38:36,358 [INFO] from controllers.jpro in application-akka.actor.default-dispatcher-8 - Creating Application: default
2022-06-20 12:38:36,358 [INFO] from controllers.jpro in application-akka.actor.default-dispatcher-8 - remoteAddress 0:0:0:0:0:0:0:1
2022-06-20 12:38:36,359 [INFO] from controllers.jpro in application-akka.actor.default-dispatcher-8 - host          localhost:8080
2022-06-20 12:38:36,359 [INFO] from controllers.jpro in application-akka.actor.default-dispatcher-8 - uri           /app/ws/default
2022-06-20 12:38:36,373 [ERROR] from com.jpro.internal.server.ViewSerializerActor in JavaFX Application Thread - JavaFXStreamer - got Exception: 
java.lang.ClassNotFoundException: com.jpro.hellojpro.HelloJProFXML
	at java.base/jdk.internal.loader.BuiltinClassLoader.loadClass(BuiltinClassLoader.java:581)
	at java.base/jdk.internal.loader.ClassLoaders$AppClassLoader.loadClass(ClassLoaders.java:178)
	at java.base/java.lang.ClassLoader.loadClass(ClassLoader.java:521)
	at simplefx.util.ReflectionUtil.loadClass(ReflectionUtil.scala:38)
	at simplefx.util.ReflectionUtil.callNew(ReflectionUtil.scala:103)
	at com.jpro.internal.config.ApplicationStarter$.startApplication(ApplicationStarter.scala:108)
	at com.jpro.internal.config.ApplicationStarter$.requestApplication(ApplicationStarter.scala:94)
	at com.jpro.internal.config.ApplicationStarter$.getApplication(ApplicationStarter.scala:60)
	at com.jpro.internal.communicator.ViewImpl.<init>(ViewImpl.scala:30)
	at com.jpro.internal.server.ViewByActor.<init>(ViewSerializerActor.scala:116)
	at com.jpro.internal.server.ViewSerializerActor$$anonfun$receive$2$$anonfun$applyOrElse$1.$anonfun$applyOrElse$2(ViewSerializerActor.scala:70)
	at simplefx.cores.standard.parts.CoreTimeEvent$$anon$3.run(CoreTimeEvent.scala:62)
	at com.sun.javafx.application.PlatformImpl.lambda$runLater$10(PlatformImpl.java:457)
	at java.base/java.security.AccessController.doPrivileged(Native Method)
	at com.sun.javafx.application.PlatformImpl.lambda$runLater$11(PlatformImpl.java:456)
	at com.sun.glass.ui.monocle.RunnableProcessor.runLoop(RunnableProcessor.java:92)
	at com.sun.glass.ui.monocle.RunnableProcessor.run(RunnableProcessor.java:51)
	at java.base/java.lang.Thread.run(Thread.java:834)
2022-06-20 12:38:41,415 [INFO] from controllers.jpro in application-akka.actor.default-dispatcher-13 - application requested: default
2022-06-20 12:38:41,415 [INFO] from controllers.jpro in application-akka.actor.default-dispatcher-13 - Creating Application: default
2022-06-20 12:38:41,416 [INFO] from controllers.jpro in application-akka.actor.default-dispatcher-13 - remoteAddress 0:0:0:0:0:0:0:1
2022-06-20 12:38:41,416 [INFO] from controllers.jpro in application-akka.actor.default-dispatcher-13 - host          localhost:8080
2022-06-20 12:38:41,416 [INFO] from controllers.jpro in application-akka.actor.default-dispatcher-13 - uri           /app/ws/default
2022-06-20 12:38:41,429 [ERROR] from com.jpro.internal.server.ViewSerializerActor in JavaFX Application Thread - JavaFXStreamer - got Exception: 
java.lang.ClassNotFoundException: com.jpro.hellojpro.HelloJProFXML
	at java.base/jdk.internal.loader.BuiltinClassLoader.loadClass(BuiltinClassLoader.java:581)
	at java.base/jdk.internal.loader.ClassLoaders$AppClassLoader.loadClass(ClassLoaders.java:178)
	at java.base/java.lang.ClassLoader.loadClass(ClassLoader.java:521)
	at simplefx.util.ReflectionUtil.loadClass(ReflectionUtil.scala:38)
	at simplefx.util.ReflectionUtil.callNew(ReflectionUtil.scala:103)
	at com.jpro.internal.config.ApplicationStarter$.startApplication(ApplicationStarter.scala:108)
	at com.jpro.internal.config.ApplicationStarter$.requestApplication(ApplicationStarter.scala:94)
	at com.jpro.internal.config.ApplicationStarter$.getApplication(ApplicationStarter.scala:60)
	at com.jpro.internal.communicator.ViewImpl.<init>(ViewImpl.scala:30)
	at com.jpro.internal.server.ViewByActor.<init>(ViewSerializerActor.scala:116)
	at com.jpro.internal.server.ViewSerializerActor$$anonfun$receive$2$$anonfun$applyOrElse$1.$anonfun$applyOrElse$2(ViewSerializerActor.scala:70)
	at simplefx.cores.standard.parts.CoreTimeEvent$$anon$3.run(CoreTimeEvent.scala:62)
	at com.sun.javafx.application.PlatformImpl.lambda$runLater$10(PlatformImpl.java:457)
	at java.base/java.security.AccessController.doPrivileged(Native Method)
	at com.sun.javafx.application.PlatformImpl.lambda$runLater$11(PlatformImpl.java:456)
	at com.sun.glass.ui.monocle.RunnableProcessor.runLoop(RunnableProcessor.java:92)
	at com.sun.glass.ui.monocle.RunnableProcessor.run(RunnableProcessor.java:51)
	at java.base/java.lang.Thread.run(Thread.java:834)
2022-06-20 12:38:46,572 [INFO] from controllers.jpro in application-akka.actor.default-dispatcher-12 - application requested: default
2022-06-20 12:38:46,572 [INFO] from controllers.jpro in application-akka.actor.default-dispatcher-12 - Creating Application: default
2022-06-20 12:38:46,573 [INFO] from controllers.jpro in application-akka.actor.default-dispatcher-12 - remoteAddress 0:0:0:0:0:0:0:1
2022-06-20 12:38:46,574 [INFO] from controllers.jpro in application-akka.actor.default-dispatcher-12 - host          localhost:8080
2022-06-20 12:38:46,574 [INFO] from controllers.jpro in application-akka.actor.default-dispatcher-12 - uri           /app/ws/default
2022-06-20 12:38:46,588 [ERROR] from com.jpro.internal.server.ViewSerializerActor in JavaFX Application Thread - JavaFXStreamer - got Exception: 
java.lang.ClassNotFoundException: com.jpro.hellojpro.HelloJProFXML
	at java.base/jdk.internal.loader.BuiltinClassLoader.loadClass(BuiltinClassLoader.java:581)
	at java.base/jdk.internal.loader.ClassLoaders$AppClassLoader.loadClass(ClassLoaders.java:178)
	at java.base/java.lang.ClassLoader.loadClass(ClassLoader.java:521)
	at simplefx.util.ReflectionUtil.loadClass(ReflectionUtil.scala:38)
	at simplefx.util.ReflectionUtil.callNew(ReflectionUtil.scala:103)
	at com.jpro.internal.config.ApplicationStarter$.startApplication(ApplicationStarter.scala:108)
	at com.jpro.internal.config.ApplicationStarter$.requestApplication(ApplicationStarter.scala:94)
	at com.jpro.internal.config.ApplicationStarter$.getApplication(ApplicationStarter.scala:60)
	at com.jpro.internal.communicator.ViewImpl.<init>(ViewImpl.scala:30)
	at com.jpro.internal.server.ViewByActor.<init>(ViewSerializerActor.scala:116)
	at com.jpro.internal.server.ViewSerializerActor$$anonfun$receive$2$$anonfun$applyOrElse$1.$anonfun$applyOrElse$2(ViewSerializerActor.scala:70)
	at simplefx.cores.standard.parts.CoreTimeEvent$$anon$3.run(CoreTimeEvent.scala:62)
	at com.sun.javafx.application.PlatformImpl.lambda$runLater$10(PlatformImpl.java:457)
	at java.base/java.security.AccessController.doPrivileged(Native Method)
	at com.sun.javafx.application.PlatformImpl.lambda$runLater$11(PlatformImpl.java:456)
	at com.sun.glass.ui.monocle.RunnableProcessor.runLoop(RunnableProcessor.java:92)
	at com.sun.glass.ui.monocle.RunnableProcessor.run(RunnableProcessor.java:51)
	at java.base/java.lang.Thread.run(Thread.java:834)
2022-06-20 12:38:51,637 [INFO] from controllers.jpro in application-akka.actor.default-dispatcher-13 - application requested: default
2022-06-20 12:38:51,637 [INFO] from controllers.jpro in application-akka.actor.default-dispatcher-13 - Creating Application: default
2022-06-20 12:38:51,637 [INFO] from controllers.jpro in application-akka.actor.default-dispatcher-13 - remoteAddress 0:0:0:0:0:0:0:1
2022-06-20 12:38:51,637 [INFO] from controllers.jpro in application-akka.actor.default-dispatcher-13 - host          localhost:8080
2022-06-20 12:38:51,638 [INFO] from controllers.jpro in application-akka.actor.default-dispatcher-13 - uri           /app/ws/default
2022-06-20 12:38:51,655 [ERROR] from com.jpro.internal.server.ViewSerializerActor in JavaFX Application Thread - JavaFXStreamer - got Exception: 
java.lang.ClassNotFoundException: com.jpro.hellojpro.HelloJProFXML
	at java.base/jdk.internal.loader.BuiltinClassLoader.loadClass(BuiltinClassLoader.java:581)
	at java.base/jdk.internal.loader.ClassLoaders$AppClassLoader.loadClass(ClassLoaders.java:178)
	at java.base/java.lang.ClassLoader.loadClass(ClassLoader.java:521)
	at simplefx.util.ReflectionUtil.loadClass(ReflectionUtil.scala:38)
	at simplefx.util.ReflectionUtil.callNew(ReflectionUtil.scala:103)
	at com.jpro.internal.config.ApplicationStarter$.startApplication(ApplicationStarter.scala:108)
	at com.jpro.internal.config.ApplicationStarter$.requestApplication(ApplicationStarter.scala:94)
	at com.jpro.internal.config.ApplicationStarter$.getApplication(ApplicationStarter.scala:60)
	at com.jpro.internal.communicator.ViewImpl.<init>(ViewImpl.scala:30)
	at com.jpro.internal.server.ViewByActor.<init>(ViewSerializerActor.scala:116)
	at com.jpro.internal.server.ViewSerializerActor$$anonfun$receive$2$$anonfun$applyOrElse$1.$anonfun$applyOrElse$2(ViewSerializerActor.scala:70)
	at simplefx.cores.standard.parts.CoreTimeEvent$$anon$3.run(CoreTimeEvent.scala:62)
	at com.sun.javafx.application.PlatformImpl.lambda$runLater$10(PlatformImpl.java:457)
	at java.base/java.security.AccessController.doPrivileged(Native Method)
	at com.sun.javafx.application.PlatformImpl.lambda$runLater$11(PlatformImpl.java:456)
	at com.sun.glass.ui.monocle.RunnableProcessor.runLoop(RunnableProcessor.java:92)
	at com.sun.glass.ui.monocle.RunnableProcessor.run(RunnableProcessor.java:51)
	at java.base/java.lang.Thread.run(Thread.java:834)
2022-06-20 12:38:56,784 [INFO] from controllers.jpro in application-akka.actor.default-dispatcher-12 - application requested: default
2022-06-20 12:38:56,785 [INFO] from controllers.jpro in application-akka.actor.default-dispatcher-12 - Creating Application: default
2022-06-20 12:38:56,785 [INFO] from controllers.jpro in application-akka.actor.default-dispatcher-12 - remoteAddress 0:0:0:0:0:0:0:1
2022-06-20 12:38:56,786 [INFO] from controllers.jpro in application-akka.actor.default-dispatcher-12 - host          localhost:8080
2022-06-20 12:38:56,786 [INFO] from controllers.jpro in application-akka.actor.default-dispatcher-12 - uri           /app/ws/default
2022-06-20 12:38:56,802 [ERROR] from com.jpro.internal.server.ViewSerializerActor in JavaFX Application Thread - JavaFXStreamer - got Exception: 
java.lang.ClassNotFoundException: com.jpro.hellojpro.HelloJProFXML
	at java.base/jdk.internal.loader.BuiltinClassLoader.loadClass(BuiltinClassLoader.java:581)
	at java.base/jdk.internal.loader.ClassLoaders$AppClassLoader.loadClass(ClassLoaders.java:178)
	at java.base/java.lang.ClassLoader.loadClass(ClassLoader.java:521)
	at simplefx.util.ReflectionUtil.loadClass(ReflectionUtil.scala:38)
	at simplefx.util.ReflectionUtil.callNew(ReflectionUtil.scala:103)
	at com.jpro.internal.config.ApplicationStarter$.startApplication(ApplicationStarter.scala:108)
	at com.jpro.internal.config.ApplicationStarter$.requestApplication(ApplicationStarter.scala:94)
	at com.jpro.internal.config.ApplicationStarter$.getApplication(ApplicationStarter.scala:60)
	at com.jpro.internal.communicator.ViewImpl.<init>(ViewImpl.scala:30)
	at com.jpro.internal.server.ViewByActor.<init>(ViewSerializerActor.scala:116)
	at com.jpro.internal.server.ViewSerializerActor$$anonfun$receive$2$$anonfun$applyOrElse$1.$anonfun$applyOrElse$2(ViewSerializerActor.scala:70)
	at simplefx.cores.standard.parts.CoreTimeEvent$$anon$3.run(CoreTimeEvent.scala:62)
	at com.sun.javafx.application.PlatformImpl.lambda$runLater$10(PlatformImpl.java:457)
	at java.base/java.security.AccessController.doPrivileged(Native Method)
	at com.sun.javafx.application.PlatformImpl.lambda$runLater$11(PlatformImpl.java:456)
	at com.sun.glass.ui.monocle.RunnableProcessor.runLoop(RunnableProcessor.java:92)
	at com.sun.glass.ui.monocle.RunnableProcessor.run(RunnableProcessor.java:51)
	at java.base/java.lang.Thread.run(Thread.java:834)
2022-06-20 12:39:01,854 [INFO] from controllers.jpro in application-akka.actor.default-dispatcher-12 - application requested: default
2022-06-20 12:39:01,855 [INFO] from controllers.jpro in application-akka.actor.default-dispatcher-12 - Creating Application: default
2022-06-20 12:39:01,855 [INFO] from controllers.jpro in application-akka.actor.default-dispatcher-12 - remoteAddress 0:0:0:0:0:0:0:1
2022-06-20 12:39:01,855 [INFO] from controllers.jpro in application-akka.actor.default-dispatcher-12 - host          localhost:8080
2022-06-20 12:39:01,855 [INFO] from controllers.jpro in application-akka.actor.default-dispatcher-12 - uri           /app/ws/default
2022-06-20 12:39:01,870 [ERROR] from com.jpro.internal.server.ViewSerializerActor in JavaFX Application Thread - JavaFXStreamer - got Exception: 
java.lang.ClassNotFoundException: com.jpro.hellojpro.HelloJProFXML
	at java.base/jdk.internal.loader.BuiltinClassLoader.loadClass(BuiltinClassLoader.java:581)
	at java.base/jdk.internal.loader.ClassLoaders$AppClassLoader.loadClass(ClassLoaders.java:178)
	at java.base/java.lang.ClassLoader.loadClass(ClassLoader.java:521)
	at simplefx.util.ReflectionUtil.loadClass(ReflectionUtil.scala:38)
	at simplefx.util.ReflectionUtil.callNew(ReflectionUtil.scala:103)
	at com.jpro.internal.config.ApplicationStarter$.startApplication(ApplicationStarter.scala:108)
	at com.jpro.internal.config.ApplicationStarter$.requestApplication(ApplicationStarter.scala:94)
	at com.jpro.internal.config.ApplicationStarter$.getApplication(ApplicationStarter.scala:60)
	at com.jpro.internal.communicator.ViewImpl.<init>(ViewImpl.scala:30)
	at com.jpro.internal.server.ViewByActor.<init>(ViewSerializerActor.scala:116)
	at com.jpro.internal.server.ViewSerializerActor$$anonfun$receive$2$$anonfun$applyOrElse$1.$anonfun$applyOrElse$2(ViewSerializerActor.scala:70)
	at simplefx.cores.standard.parts.CoreTimeEvent$$anon$3.run(CoreTimeEvent.scala:62)
	at com.sun.javafx.application.PlatformImpl.lambda$runLater$10(PlatformImpl.java:457)
	at java.base/java.security.AccessController.doPrivileged(Native Method)
	at com.sun.javafx.application.PlatformImpl.lambda$runLater$11(PlatformImpl.java:456)
	at com.sun.glass.ui.monocle.RunnableProcessor.runLoop(RunnableProcessor.java:92)
	at com.sun.glass.ui.monocle.RunnableProcessor.run(RunnableProcessor.java:51)
	at java.base/java.lang.Thread.run(Thread.java:834)
2022-06-20 12:39:07,009 [INFO] from controllers.jpro in application-akka.actor.default-dispatcher-12 - application requested: default
2022-06-20 12:39:07,010 [INFO] from controllers.jpro in application-akka.actor.default-dispatcher-12 - Creating Application: default
2022-06-20 12:39:07,010 [INFO] from controllers.jpro in application-akka.actor.default-dispatcher-12 - remoteAddress 0:0:0:0:0:0:0:1
2022-06-20 12:39:07,010 [INFO] from controllers.jpro in application-akka.actor.default-dispatcher-12 - host          localhost:8080
2022-06-20 12:39:07,010 [INFO] from controllers.jpro in application-akka.actor.default-dispatcher-12 - uri           /app/ws/default
2022-06-20 12:39:07,023 [ERROR] from com.jpro.internal.server.ViewSerializerActor in JavaFX Application Thread - JavaFXStreamer - got Exception: 
java.lang.ClassNotFoundException: com.jpro.hellojpro.HelloJProFXML
	at java.base/jdk.internal.loader.BuiltinClassLoader.loadClass(BuiltinClassLoader.java:581)
	at java.base/jdk.internal.loader.ClassLoaders$AppClassLoader.loadClass(ClassLoaders.java:178)
	at java.base/java.lang.ClassLoader.loadClass(ClassLoader.java:521)
	at simplefx.util.ReflectionUtil.loadClass(ReflectionUtil.scala:38)
	at simplefx.util.ReflectionUtil.callNew(ReflectionUtil.scala:103)
	at com.jpro.internal.config.ApplicationStarter$.startApplication(ApplicationStarter.scala:108)
	at com.jpro.internal.config.ApplicationStarter$.requestApplication(ApplicationStarter.scala:94)
	at com.jpro.internal.config.ApplicationStarter$.getApplication(ApplicationStarter.scala:60)
	at com.jpro.internal.communicator.ViewImpl.<init>(ViewImpl.scala:30)
	at com.jpro.internal.server.ViewByActor.<init>(ViewSerializerActor.scala:116)
	at com.jpro.internal.server.ViewSerializerActor$$anonfun$receive$2$$anonfun$applyOrElse$1.$anonfun$applyOrElse$2(ViewSerializerActor.scala:70)
	at simplefx.cores.standard.parts.CoreTimeEvent$$anon$3.run(CoreTimeEvent.scala:62)
	at com.sun.javafx.application.PlatformImpl.lambda$runLater$10(PlatformImpl.java:457)
	at java.base/java.security.AccessController.doPrivileged(Native Method)
	at com.sun.javafx.application.PlatformImpl.lambda$runLater$11(PlatformImpl.java:456)
	at com.sun.glass.ui.monocle.RunnableProcessor.runLoop(RunnableProcessor.java:92)
	at com.sun.glass.ui.monocle.RunnableProcessor.run(RunnableProcessor.java:51)
	at java.base/java.lang.Thread.run(Thread.java:834)
2022-06-20 12:39:12,065 [INFO] from controllers.jpro in application-akka.actor.default-dispatcher-5 - application requested: default
2022-06-20 12:39:12,066 [INFO] from controllers.jpro in application-akka.actor.default-dispatcher-5 - Creating Application: default
2022-06-20 12:39:12,066 [INFO] from controllers.jpro in application-akka.actor.default-dispatcher-5 - remoteAddress 0:0:0:0:0:0:0:1
2022-06-20 12:39:12,067 [INFO] from controllers.jpro in application-akka.actor.default-dispatcher-5 - host          localhost:8080
2022-06-20 12:39:12,067 [INFO] from controllers.jpro in application-akka.actor.default-dispatcher-5 - uri           /app/ws/default
2022-06-20 12:39:12,080 [ERROR] from com.jpro.internal.server.ViewSerializerActor in JavaFX Application Thread - JavaFXStreamer - got Exception: 
java.lang.ClassNotFoundException: com.jpro.hellojpro.HelloJProFXML
	at java.base/jdk.internal.loader.BuiltinClassLoader.loadClass(BuiltinClassLoader.java:581)
	at java.base/jdk.internal.loader.ClassLoaders$AppClassLoader.loadClass(ClassLoaders.java:178)
	at java.base/java.lang.ClassLoader.loadClass(ClassLoader.java:521)
	at simplefx.util.ReflectionUtil.loadClass(ReflectionUtil.scala:38)
	at simplefx.util.ReflectionUtil.callNew(ReflectionUtil.scala:103)
	at com.jpro.internal.config.ApplicationStarter$.startApplication(ApplicationStarter.scala:108)
	at com.jpro.internal.config.ApplicationStarter$.requestApplication(ApplicationStarter.scala:94)
	at com.jpro.internal.config.ApplicationStarter$.getApplication(ApplicationStarter.scala:60)
	at com.jpro.internal.communicator.ViewImpl.<init>(ViewImpl.scala:30)
	at com.jpro.internal.server.ViewByActor.<init>(ViewSerializerActor.scala:116)
	at com.jpro.internal.server.ViewSerializerActor$$anonfun$receive$2$$anonfun$applyOrElse$1.$anonfun$applyOrElse$2(ViewSerializerActor.scala:70)
	at simplefx.cores.standard.parts.CoreTimeEvent$$anon$3.run(CoreTimeEvent.scala:62)
	at com.sun.javafx.application.PlatformImpl.lambda$runLater$10(PlatformImpl.java:457)
	at java.base/java.security.AccessController.doPrivileged(Native Method)
	at com.sun.javafx.application.PlatformImpl.lambda$runLater$11(PlatformImpl.java:456)
	at com.sun.glass.ui.monocle.RunnableProcessor.runLoop(RunnableProcessor.java:92)
	at com.sun.glass.ui.monocle.RunnableProcessor.run(RunnableProcessor.java:51)
	at java.base/java.lang.Thread.run(Thread.java:834)
2022-06-20 12:39:17,215 [INFO] from controllers.jpro in application-akka.actor.default-dispatcher-5 - application requested: default
2022-06-20 12:39:17,216 [INFO] from controllers.jpro in application-akka.actor.default-dispatcher-5 - Creating Application: default
2022-06-20 12:39:17,216 [INFO] from controllers.jpro in application-akka.actor.default-dispatcher-5 - remoteAddress 0:0:0:0:0:0:0:1
2022-06-20 12:39:17,216 [INFO] from controllers.jpro in application-akka.actor.default-dispatcher-5 - host          localhost:8080
2022-06-20 12:39:17,216 [INFO] from controllers.jpro in application-akka.actor.default-dispatcher-5 - uri           /app/ws/default
2022-06-20 12:39:17,231 [ERROR] from com.jpro.internal.server.ViewSerializerActor in JavaFX Application Thread - JavaFXStreamer - got Exception: 
java.lang.ClassNotFoundException: com.jpro.hellojpro.HelloJProFXML
	at java.base/jdk.internal.loader.BuiltinClassLoader.loadClass(BuiltinClassLoader.java:581)
	at java.base/jdk.internal.loader.ClassLoaders$AppClassLoader.loadClass(ClassLoaders.java:178)
	at java.base/java.lang.ClassLoader.loadClass(ClassLoader.java:521)
	at simplefx.util.ReflectionUtil.loadClass(ReflectionUtil.scala:38)
	at simplefx.util.ReflectionUtil.callNew(ReflectionUtil.scala:103)
	at com.jpro.internal.config.ApplicationStarter$.startApplication(ApplicationStarter.scala:108)
	at com.jpro.internal.config.ApplicationStarter$.requestApplication(ApplicationStarter.scala:94)
	at com.jpro.internal.config.ApplicationStarter$.getApplication(ApplicationStarter.scala:60)
	at com.jpro.internal.communicator.ViewImpl.<init>(ViewImpl.scala:30)
	at com.jpro.internal.server.ViewByActor.<init>(ViewSerializerActor.scala:116)
	at com.jpro.internal.server.ViewSerializerActor$$anonfun$receive$2$$anonfun$applyOrElse$1.$anonfun$applyOrElse$2(ViewSerializerActor.scala:70)
	at simplefx.cores.standard.parts.CoreTimeEvent$$anon$3.run(CoreTimeEvent.scala:62)
	at com.sun.javafx.application.PlatformImpl.lambda$runLater$10(PlatformImpl.java:457)
	at java.base/java.security.AccessController.doPrivileged(Native Method)
	at com.sun.javafx.application.PlatformImpl.lambda$runLater$11(PlatformImpl.java:456)
	at com.sun.glass.ui.monocle.RunnableProcessor.runLoop(RunnableProcessor.java:92)
	at com.sun.glass.ui.monocle.RunnableProcessor.run(RunnableProcessor.java:51)
	at java.base/java.lang.Thread.run(Thread.java:834)
2022-06-20 12:39:22,282 [INFO] from controllers.jpro in application-akka.actor.default-dispatcher-12 - application requested: default
2022-06-20 12:39:22,283 [INFO] from controllers.jpro in application-akka.actor.default-dispatcher-12 - Creating Application: default
2022-06-20 12:39:22,283 [INFO] from controllers.jpro in application-akka.actor.default-dispatcher-12 - remoteAddress 0:0:0:0:0:0:0:1
2022-06-20 12:39:22,283 [INFO] from controllers.jpro in application-akka.actor.default-dispatcher-12 - host          localhost:8080
2022-06-20 12:39:22,283 [INFO] from controllers.jpro in application-akka.actor.default-dispatcher-12 - uri           /app/ws/default
2022-06-20 12:39:22,297 [ERROR] from com.jpro.internal.server.ViewSerializerActor in JavaFX Application Thread - JavaFXStreamer - got Exception: 
java.lang.ClassNotFoundException: com.jpro.hellojpro.HelloJProFXML
	at java.base/jdk.internal.loader.BuiltinClassLoader.loadClass(BuiltinClassLoader.java:581)
	at java.base/jdk.internal.loader.ClassLoaders$AppClassLoader.loadClass(ClassLoaders.java:178)
	at java.base/java.lang.ClassLoader.loadClass(ClassLoader.java:521)
	at simplefx.util.ReflectionUtil.loadClass(ReflectionUtil.scala:38)
	at simplefx.util.ReflectionUtil.callNew(ReflectionUtil.scala:103)
	at com.jpro.internal.config.ApplicationStarter$.startApplication(ApplicationStarter.scala:108)
	at com.jpro.internal.config.ApplicationStarter$.requestApplication(ApplicationStarter.scala:94)
	at com.jpro.internal.config.ApplicationStarter$.getApplication(ApplicationStarter.scala:60)
	at com.jpro.internal.communicator.ViewImpl.<init>(ViewImpl.scala:30)
	at com.jpro.internal.server.ViewByActor.<init>(ViewSerializerActor.scala:116)
	at com.jpro.internal.server.ViewSerializerActor$$anonfun$receive$2$$anonfun$applyOrElse$1.$anonfun$applyOrElse$2(ViewSerializerActor.scala:70)
	at simplefx.cores.standard.parts.CoreTimeEvent$$anon$3.run(CoreTimeEvent.scala:62)
	at com.sun.javafx.application.PlatformImpl.lambda$runLater$10(PlatformImpl.java:457)
	at java.base/java.security.AccessController.doPrivileged(Native Method)
	at com.sun.javafx.application.PlatformImpl.lambda$runLater$11(PlatformImpl.java:456)
	at com.sun.glass.ui.monocle.RunnableProcessor.runLoop(RunnableProcessor.java:92)
	at com.sun.glass.ui.monocle.RunnableProcessor.run(RunnableProcessor.java:51)
	at java.base/java.lang.Thread.run(Thread.java:834)
2022-06-20 12:39:27,433 [INFO] from controllers.jpro in application-akka.actor.default-dispatcher-12 - application requested: default
2022-06-20 12:39:27,433 [INFO] from controllers.jpro in application-akka.actor.default-dispatcher-12 - Creating Application: default
2022-06-20 12:39:27,433 [INFO] from controllers.jpro in application-akka.actor.default-dispatcher-12 - remoteAddress 0:0:0:0:0:0:0:1
2022-06-20 12:39:27,434 [INFO] from controllers.jpro in application-akka.actor.default-dispatcher-12 - host          localhost:8080
2022-06-20 12:39:27,434 [INFO] from controllers.jpro in application-akka.actor.default-dispatcher-12 - uri           /app/ws/default
2022-06-20 12:39:27,449 [ERROR] from com.jpro.internal.server.ViewSerializerActor in JavaFX Application Thread - JavaFXStreamer - got Exception: 
java.lang.ClassNotFoundException: com.jpro.hellojpro.HelloJProFXML
	at java.base/jdk.internal.loader.BuiltinClassLoader.loadClass(BuiltinClassLoader.java:581)
	at java.base/jdk.internal.loader.ClassLoaders$AppClassLoader.loadClass(ClassLoaders.java:178)
	at java.base/java.lang.ClassLoader.loadClass(ClassLoader.java:521)
	at simplefx.util.ReflectionUtil.loadClass(ReflectionUtil.scala:38)
	at simplefx.util.ReflectionUtil.callNew(ReflectionUtil.scala:103)
	at com.jpro.internal.config.ApplicationStarter$.startApplication(ApplicationStarter.scala:108)
	at com.jpro.internal.config.ApplicationStarter$.requestApplication(ApplicationStarter.scala:94)
	at com.jpro.internal.config.ApplicationStarter$.getApplication(ApplicationStarter.scala:60)
	at com.jpro.internal.communicator.ViewImpl.<init>(ViewImpl.scala:30)
	at com.jpro.internal.server.ViewByActor.<init>(ViewSerializerActor.scala:116)
	at com.jpro.internal.server.ViewSerializerActor$$anonfun$receive$2$$anonfun$applyOrElse$1.$anonfun$applyOrElse$2(ViewSerializerActor.scala:70)
	at simplefx.cores.standard.parts.CoreTimeEvent$$anon$3.run(CoreTimeEvent.scala:62)
	at com.sun.javafx.application.PlatformImpl.lambda$runLater$10(PlatformImpl.java:457)
	at java.base/java.security.AccessController.doPrivileged(Native Method)
	at com.sun.javafx.application.PlatformImpl.lambda$runLater$11(PlatformImpl.java:456)
	at com.sun.glass.ui.monocle.RunnableProcessor.runLoop(RunnableProcessor.java:92)
	at com.sun.glass.ui.monocle.RunnableProcessor.run(RunnableProcessor.java:51)
	at java.base/java.lang.Thread.run(Thread.java:834)
2022-06-20 12:39:32,476 [INFO] from controllers.jpro in application-akka.actor.default-dispatcher-5 - application requested: default
2022-06-20 12:39:32,477 [INFO] from controllers.jpro in application-akka.actor.default-dispatcher-5 - Creating Application: default
2022-06-20 12:39:32,477 [INFO] from controllers.jpro in application-akka.actor.default-dispatcher-5 - remoteAddress 0:0:0:0:0:0:0:1
2022-06-20 12:39:32,477 [INFO] from controllers.jpro in application-akka.actor.default-dispatcher-5 - host          localhost:8080
2022-06-20 12:39:32,477 [INFO] from controllers.jpro in application-akka.actor.default-dispatcher-5 - uri           /app/ws/default
2022-06-20 12:39:32,486 [ERROR] from com.jpro.internal.server.ViewSerializerActor in JavaFX Application Thread - JavaFXStreamer - got Exception: 
java.lang.ClassNotFoundException: com.jpro.hellojpro.HelloJProFXML
	at java.base/jdk.internal.loader.BuiltinClassLoader.loadClass(BuiltinClassLoader.java:581)
	at java.base/jdk.internal.loader.ClassLoaders$AppClassLoader.loadClass(ClassLoaders.java:178)
	at java.base/java.lang.ClassLoader.loadClass(ClassLoader.java:521)
	at simplefx.util.ReflectionUtil.loadClass(ReflectionUtil.scala:38)
	at simplefx.util.ReflectionUtil.callNew(ReflectionUtil.scala:103)
	at com.jpro.internal.config.ApplicationStarter$.startApplication(ApplicationStarter.scala:108)
	at com.jpro.internal.config.ApplicationStarter$.requestApplication(ApplicationStarter.scala:94)
	at com.jpro.internal.config.ApplicationStarter$.getApplication(ApplicationStarter.scala:60)
	at com.jpro.internal.communicator.ViewImpl.<init>(ViewImpl.scala:30)
	at com.jpro.internal.server.ViewByActor.<init>(ViewSerializerActor.scala:116)
	at com.jpro.internal.server.ViewSerializerActor$$anonfun$receive$2$$anonfun$applyOrElse$1.$anonfun$applyOrElse$2(ViewSerializerActor.scala:70)
	at simplefx.cores.standard.parts.CoreTimeEvent$$anon$3.run(CoreTimeEvent.scala:62)
	at com.sun.javafx.application.PlatformImpl.lambda$runLater$10(PlatformImpl.java:457)
	at java.base/java.security.AccessController.doPrivileged(Native Method)
	at com.sun.javafx.application.PlatformImpl.lambda$runLater$11(PlatformImpl.java:456)
	at com.sun.glass.ui.monocle.RunnableProcessor.runLoop(RunnableProcessor.java:92)
	at com.sun.glass.ui.monocle.RunnableProcessor.run(RunnableProcessor.java:51)
	at java.base/java.lang.Thread.run(Thread.java:834)
2022-06-20 12:39:37,611 [INFO] from controllers.jpro in application-akka.actor.default-dispatcher-8 - application requested: default
2022-06-20 12:39:37,612 [INFO] from controllers.jpro in application-akka.actor.default-dispatcher-8 - Creating Application: default
2022-06-20 12:39:37,612 [INFO] from controllers.jpro in application-akka.actor.default-dispatcher-8 - remoteAddress 0:0:0:0:0:0:0:1
2022-06-20 12:39:37,613 [INFO] from controllers.jpro in application-akka.actor.default-dispatcher-8 - host          localhost:8080
2022-06-20 12:39:37,613 [INFO] from controllers.jpro in application-akka.actor.default-dispatcher-8 - uri           /app/ws/default
2022-06-20 12:39:37,625 [ERROR] from com.jpro.internal.server.ViewSerializerActor in JavaFX Application Thread - JavaFXStreamer - got Exception: 
java.lang.ClassNotFoundException: com.jpro.hellojpro.HelloJProFXML
	at java.base/jdk.internal.loader.BuiltinClassLoader.loadClass(BuiltinClassLoader.java:581)
	at java.base/jdk.internal.loader.ClassLoaders$AppClassLoader.loadClass(ClassLoaders.java:178)
	at java.base/java.lang.ClassLoader.loadClass(ClassLoader.java:521)
	at simplefx.util.ReflectionUtil.loadClass(ReflectionUtil.scala:38)
	at simplefx.util.ReflectionUtil.callNew(ReflectionUtil.scala:103)
	at com.jpro.internal.config.ApplicationStarter$.startApplication(ApplicationStarter.scala:108)
	at com.jpro.internal.config.ApplicationStarter$.requestApplication(ApplicationStarter.scala:94)
	at com.jpro.internal.config.ApplicationStarter$.getApplication(ApplicationStarter.scala:60)
	at com.jpro.internal.communicator.ViewImpl.<init>(ViewImpl.scala:30)
	at com.jpro.internal.server.ViewByActor.<init>(ViewSerializerActor.scala:116)
	at com.jpro.internal.server.ViewSerializerActor$$anonfun$receive$2$$anonfun$applyOrElse$1.$anonfun$applyOrElse$2(ViewSerializerActor.scala:70)
	at simplefx.cores.standard.parts.CoreTimeEvent$$anon$3.run(CoreTimeEvent.scala:62)
	at com.sun.javafx.application.PlatformImpl.lambda$runLater$10(PlatformImpl.java:457)
	at java.base/java.security.AccessController.doPrivileged(Native Method)
	at com.sun.javafx.application.PlatformImpl.lambda$runLater$11(PlatformImpl.java:456)
	at com.sun.glass.ui.monocle.RunnableProcessor.runLoop(RunnableProcessor.java:92)
	at com.sun.glass.ui.monocle.RunnableProcessor.run(RunnableProcessor.java:51)
	at java.base/java.lang.Thread.run(Thread.java:834)
2022-06-20 12:39:42,659 [INFO] from controllers.jpro in application-akka.actor.default-dispatcher-5 - application requested: default
2022-06-20 12:39:42,660 [INFO] from controllers.jpro in application-akka.actor.default-dispatcher-5 - Creating Application: default
2022-06-20 12:39:42,660 [INFO] from controllers.jpro in application-akka.actor.default-dispatcher-5 - remoteAddress 0:0:0:0:0:0:0:1
2022-06-20 12:39:42,660 [INFO] from controllers.jpro in application-akka.actor.default-dispatcher-5 - host          localhost:8080
2022-06-20 12:39:42,660 [INFO] from controllers.jpro in application-akka.actor.default-dispatcher-5 - uri           /app/ws/default
2022-06-20 12:39:42,667 [ERROR] from com.jpro.internal.server.ViewSerializerActor in JavaFX Application Thread - JavaFXStreamer - got Exception: 
java.lang.ClassNotFoundException: com.jpro.hellojpro.HelloJProFXML
	at java.base/jdk.internal.loader.BuiltinClassLoader.loadClass(BuiltinClassLoader.java:581)
	at java.base/jdk.internal.loader.ClassLoaders$AppClassLoader.loadClass(ClassLoaders.java:178)
	at java.base/java.lang.ClassLoader.loadClass(ClassLoader.java:521)
	at simplefx.util.ReflectionUtil.loadClass(ReflectionUtil.scala:38)
	at simplefx.util.ReflectionUtil.callNew(ReflectionUtil.scala:103)
	at com.jpro.internal.config.ApplicationStarter$.startApplication(ApplicationStarter.scala:108)
	at com.jpro.internal.config.ApplicationStarter$.requestApplication(ApplicationStarter.scala:94)
	at com.jpro.internal.config.ApplicationStarter$.getApplication(ApplicationStarter.scala:60)
	at com.jpro.internal.communicator.ViewImpl.<init>(ViewImpl.scala:30)
	at com.jpro.internal.server.ViewByActor.<init>(ViewSerializerActor.scala:116)
	at com.jpro.internal.server.ViewSerializerActor$$anonfun$receive$2$$anonfun$applyOrElse$1.$anonfun$applyOrElse$2(ViewSerializerActor.scala:70)
	at simplefx.cores.standard.parts.CoreTimeEvent$$anon$3.run(CoreTimeEvent.scala:62)
	at com.sun.javafx.application.PlatformImpl.lambda$runLater$10(PlatformImpl.java:457)
	at java.base/java.security.AccessController.doPrivileged(Native Method)
	at com.sun.javafx.application.PlatformImpl.lambda$runLater$11(PlatformImpl.java:456)
	at com.sun.glass.ui.monocle.RunnableProcessor.runLoop(RunnableProcessor.java:92)
	at com.sun.glass.ui.monocle.RunnableProcessor.run(RunnableProcessor.java:51)
	at java.base/java.lang.Thread.run(Thread.java:834)
2022-06-20 12:39:47,791 [INFO] from controllers.jpro in application-akka.actor.default-dispatcher-5 - application requested: default
2022-06-20 12:39:47,791 [INFO] from controllers.jpro in application-akka.actor.default-dispatcher-5 - Creating Application: default
2022-06-20 12:39:47,791 [INFO] from controllers.jpro in application-akka.actor.default-dispatcher-5 - remoteAddress 0:0:0:0:0:0:0:1
2022-06-20 12:39:47,791 [INFO] from controllers.jpro in application-akka.actor.default-dispatcher-5 - host          localhost:8080
2022-06-20 12:39:47,791 [INFO] from controllers.jpro in application-akka.actor.default-dispatcher-5 - uri           /app/ws/default
2022-06-20 12:39:47,798 [ERROR] from com.jpro.internal.server.ViewSerializerActor in JavaFX Application Thread - JavaFXStreamer - got Exception: 
java.lang.ClassNotFoundException: com.jpro.hellojpro.HelloJProFXML
	at java.base/jdk.internal.loader.BuiltinClassLoader.loadClass(BuiltinClassLoader.java:581)
	at java.base/jdk.internal.loader.ClassLoaders$AppClassLoader.loadClass(ClassLoaders.java:178)
	at java.base/java.lang.ClassLoader.loadClass(ClassLoader.java:521)
	at simplefx.util.ReflectionUtil.loadClass(ReflectionUtil.scala:38)
	at simplefx.util.ReflectionUtil.callNew(ReflectionUtil.scala:103)
	at com.jpro.internal.config.ApplicationStarter$.startApplication(ApplicationStarter.scala:108)
	at com.jpro.internal.config.ApplicationStarter$.requestApplication(ApplicationStarter.scala:94)
	at com.jpro.internal.config.ApplicationStarter$.getApplication(ApplicationStarter.scala:60)
	at com.jpro.internal.communicator.ViewImpl.<init>(ViewImpl.scala:30)
	at com.jpro.internal.server.ViewByActor.<init>(ViewSerializerActor.scala:116)
	at com.jpro.internal.server.ViewSerializerActor$$anonfun$receive$2$$anonfun$applyOrElse$1.$anonfun$applyOrElse$2(ViewSerializerActor.scala:70)
	at simplefx.cores.standard.parts.CoreTimeEvent$$anon$3.run(CoreTimeEvent.scala:62)
	at com.sun.javafx.application.PlatformImpl.lambda$runLater$10(PlatformImpl.java:457)
	at java.base/java.security.AccessController.doPrivileged(Native Method)
	at com.sun.javafx.application.PlatformImpl.lambda$runLater$11(PlatformImpl.java:456)
	at com.sun.glass.ui.monocle.RunnableProcessor.runLoop(RunnableProcessor.java:92)
	at com.sun.glass.ui.monocle.RunnableProcessor.run(RunnableProcessor.java:51)
	at java.base/java.lang.Thread.run(Thread.java:834)
2022-06-20 12:39:52,822 [INFO] from controllers.jpro in application-akka.actor.default-dispatcher-11 - application requested: default
2022-06-20 12:39:52,823 [INFO] from controllers.jpro in application-akka.actor.default-dispatcher-11 - Creating Application: default
2022-06-20 12:39:52,823 [INFO] from controllers.jpro in application-akka.actor.default-dispatcher-11 - remoteAddress 0:0:0:0:0:0:0:1
2022-06-20 12:39:52,823 [INFO] from controllers.jpro in application-akka.actor.default-dispatcher-11 - host          localhost:8080
2022-06-20 12:39:52,823 [INFO] from controllers.jpro in application-akka.actor.default-dispatcher-11 - uri           /app/ws/default
2022-06-20 12:39:52,830 [ERROR] from com.jpro.internal.server.ViewSerializerActor in JavaFX Application Thread - JavaFXStreamer - got Exception: 
java.lang.ClassNotFoundException: com.jpro.hellojpro.HelloJProFXML
	at java.base/jdk.internal.loader.BuiltinClassLoader.loadClass(BuiltinClassLoader.java:581)
	at java.base/jdk.internal.loader.ClassLoaders$AppClassLoader.loadClass(ClassLoaders.java:178)
	at java.base/java.lang.ClassLoader.loadClass(ClassLoader.java:521)
	at simplefx.util.ReflectionUtil.loadClass(ReflectionUtil.scala:38)
	at simplefx.util.ReflectionUtil.callNew(ReflectionUtil.scala:103)
	at com.jpro.internal.config.ApplicationStarter$.startApplication(ApplicationStarter.scala:108)
	at com.jpro.internal.config.ApplicationStarter$.requestApplication(ApplicationStarter.scala:94)
	at com.jpro.internal.config.ApplicationStarter$.getApplication(ApplicationStarter.scala:60)
	at com.jpro.internal.communicator.ViewImpl.<init>(ViewImpl.scala:30)
	at com.jpro.internal.server.ViewByActor.<init>(ViewSerializerActor.scala:116)
	at com.jpro.internal.server.ViewSerializerActor$$anonfun$receive$2$$anonfun$applyOrElse$1.$anonfun$applyOrElse$2(ViewSerializerActor.scala:70)
	at simplefx.cores.standard.parts.CoreTimeEvent$$anon$3.run(CoreTimeEvent.scala:62)
	at com.sun.javafx.application.PlatformImpl.lambda$runLater$10(PlatformImpl.java:457)
	at java.base/java.security.AccessController.doPrivileged(Native Method)
	at com.sun.javafx.application.PlatformImpl.lambda$runLater$11(PlatformImpl.java:456)
	at com.sun.glass.ui.monocle.RunnableProcessor.runLoop(RunnableProcessor.java:92)
	at com.sun.glass.ui.monocle.RunnableProcessor.run(RunnableProcessor.java:51)
	at java.base/java.lang.Thread.run(Thread.java:834)
2022-06-20 12:39:57,937 [INFO] from controllers.jpro in application-akka.actor.default-dispatcher-8 - application requested: default
2022-06-20 12:39:57,937 [INFO] from controllers.jpro in application-akka.actor.default-dispatcher-8 - Creating Application: default
2022-06-20 12:39:57,938 [INFO] from controllers.jpro in application-akka.actor.default-dispatcher-8 - remoteAddress 0:0:0:0:0:0:0:1
2022-06-20 12:39:57,938 [INFO] from controllers.jpro in application-akka.actor.default-dispatcher-8 - host          localhost:8080
2022-06-20 12:39:57,938 [INFO] from controllers.jpro in application-akka.actor.default-dispatcher-8 - uri           /app/ws/default
2022-06-20 12:39:57,947 [ERROR] from com.jpro.internal.server.ViewSerializerActor in JavaFX Application Thread - JavaFXStreamer - got Exception: 
java.lang.ClassNotFoundException: com.jpro.hellojpro.HelloJProFXML
	at java.base/jdk.internal.loader.BuiltinClassLoader.loadClass(BuiltinClassLoader.java:581)
	at java.base/jdk.internal.loader.ClassLoaders$AppClassLoader.loadClass(ClassLoaders.java:178)
	at java.base/java.lang.ClassLoader.loadClass(ClassLoader.java:521)
	at simplefx.util.ReflectionUtil.loadClass(ReflectionUtil.scala:38)
	at simplefx.util.ReflectionUtil.callNew(ReflectionUtil.scala:103)
	at com.jpro.internal.config.ApplicationStarter$.startApplication(ApplicationStarter.scala:108)
	at com.jpro.internal.config.ApplicationStarter$.requestApplication(ApplicationStarter.scala:94)
	at com.jpro.internal.config.ApplicationStarter$.getApplication(ApplicationStarter.scala:60)
	at com.jpro.internal.communicator.ViewImpl.<init>(ViewImpl.scala:30)
	at com.jpro.internal.server.ViewByActor.<init>(ViewSerializerActor.scala:116)
	at com.jpro.internal.server.ViewSerializerActor$$anonfun$receive$2$$anonfun$applyOrElse$1.$anonfun$applyOrElse$2(ViewSerializerActor.scala:70)
	at simplefx.cores.standard.parts.CoreTimeEvent$$anon$3.run(CoreTimeEvent.scala:62)
	at com.sun.javafx.application.PlatformImpl.lambda$runLater$10(PlatformImpl.java:457)
	at java.base/java.security.AccessController.doPrivileged(Native Method)
	at com.sun.javafx.application.PlatformImpl.lambda$runLater$11(PlatformImpl.java:456)
	at com.sun.glass.ui.monocle.RunnableProcessor.runLoop(RunnableProcessor.java:92)
	at com.sun.glass.ui.monocle.RunnableProcessor.run(RunnableProcessor.java:51)
	at java.base/java.lang.Thread.run(Thread.java:834)
2022-06-20 12:40:02,985 [INFO] from controllers.jpro in application-akka.actor.default-dispatcher-10 - application requested: default
2022-06-20 12:40:02,985 [INFO] from controllers.jpro in application-akka.actor.default-dispatcher-10 - Creating Application: default
2022-06-20 12:40:02,985 [INFO] from controllers.jpro in application-akka.actor.default-dispatcher-10 - remoteAddress 0:0:0:0:0:0:0:1
2022-06-20 12:40:02,985 [INFO] from controllers.jpro in application-akka.actor.default-dispatcher-10 - host          localhost:8080
2022-06-20 12:40:02,985 [INFO] from controllers.jpro in application-akka.actor.default-dispatcher-10 - uri           /app/ws/default
2022-06-20 12:40:02,993 [ERROR] from com.jpro.internal.server.ViewSerializerActor in JavaFX Application Thread - JavaFXStreamer - got Exception: 
java.lang.ClassNotFoundException: com.jpro.hellojpro.HelloJProFXML
	at java.base/jdk.internal.loader.BuiltinClassLoader.loadClass(BuiltinClassLoader.java:581)
	at java.base/jdk.internal.loader.ClassLoaders$AppClassLoader.loadClass(ClassLoaders.java:178)
	at java.base/java.lang.ClassLoader.loadClass(ClassLoader.java:521)
	at simplefx.util.ReflectionUtil.loadClass(ReflectionUtil.scala:38)
	at simplefx.util.ReflectionUtil.callNew(ReflectionUtil.scala:103)
	at com.jpro.internal.config.ApplicationStarter$.startApplication(ApplicationStarter.scala:108)
	at com.jpro.internal.config.ApplicationStarter$.requestApplication(ApplicationStarter.scala:94)
	at com.jpro.internal.config.ApplicationStarter$.getApplication(ApplicationStarter.scala:60)
	at com.jpro.internal.communicator.ViewImpl.<init>(ViewImpl.scala:30)
	at com.jpro.internal.server.ViewByActor.<init>(ViewSerializerActor.scala:116)
	at com.jpro.internal.server.ViewSerializerActor$$anonfun$receive$2$$anonfun$applyOrElse$1.$anonfun$applyOrElse$2(ViewSerializerActor.scala:70)
	at simplefx.cores.standard.parts.CoreTimeEvent$$anon$3.run(CoreTimeEvent.scala:62)
	at com.sun.javafx.application.PlatformImpl.lambda$runLater$10(PlatformImpl.java:457)
	at java.base/java.security.AccessController.doPrivileged(Native Method)
	at com.sun.javafx.application.PlatformImpl.lambda$runLater$11(PlatformImpl.java:456)
	at com.sun.glass.ui.monocle.RunnableProcessor.runLoop(RunnableProcessor.java:92)
	at com.sun.glass.ui.monocle.RunnableProcessor.run(RunnableProcessor.java:51)
	at java.base/java.lang.Thread.run(Thread.java:834)
2022-06-20 12:40:08,156 [INFO] from controllers.jpro in application-akka.actor.default-dispatcher-10 - application requested: default
2022-06-20 12:40:08,157 [INFO] from controllers.jpro in application-akka.actor.default-dispatcher-10 - Creating Application: default
2022-06-20 12:40:08,157 [INFO] from controllers.jpro in application-akka.actor.default-dispatcher-10 - remoteAddress 0:0:0:0:0:0:0:1
2022-06-20 12:40:08,157 [INFO] from controllers.jpro in application-akka.actor.default-dispatcher-10 - host          localhost:8080
2022-06-20 12:40:08,157 [INFO] from controllers.jpro in application-akka.actor.default-dispatcher-10 - uri           /app/ws/default
2022-06-20 12:40:08,170 [ERROR] from com.jpro.internal.server.ViewSerializerActor in JavaFX Application Thread - JavaFXStreamer - got Exception: 
java.lang.ClassNotFoundException: com.jpro.hellojpro.HelloJProFXML
	at java.base/jdk.internal.loader.BuiltinClassLoader.loadClass(BuiltinClassLoader.java:581)
	at java.base/jdk.internal.loader.ClassLoaders$AppClassLoader.loadClass(ClassLoaders.java:178)
	at java.base/java.lang.ClassLoader.loadClass(ClassLoader.java:521)
	at simplefx.util.ReflectionUtil.loadClass(ReflectionUtil.scala:38)
	at simplefx.util.ReflectionUtil.callNew(ReflectionUtil.scala:103)
	at com.jpro.internal.config.ApplicationStarter$.startApplication(ApplicationStarter.scala:108)
	at com.jpro.internal.config.ApplicationStarter$.requestApplication(ApplicationStarter.scala:94)
	at com.jpro.internal.config.ApplicationStarter$.getApplication(ApplicationStarter.scala:60)
	at com.jpro.internal.communicator.ViewImpl.<init>(ViewImpl.scala:30)
	at com.jpro.internal.server.ViewByActor.<init>(ViewSerializerActor.scala:116)
	at com.jpro.internal.server.ViewSerializerActor$$anonfun$receive$2$$anonfun$applyOrElse$1.$anonfun$applyOrElse$2(ViewSerializerActor.scala:70)
	at simplefx.cores.standard.parts.CoreTimeEvent$$anon$3.run(CoreTimeEvent.scala:62)
	at com.sun.javafx.application.PlatformImpl.lambda$runLater$10(PlatformImpl.java:457)
	at java.base/java.security.AccessController.doPrivileged(Native Method)
	at com.sun.javafx.application.PlatformImpl.lambda$runLater$11(PlatformImpl.java:456)
	at com.sun.glass.ui.monocle.RunnableProcessor.runLoop(RunnableProcessor.java:92)
	at com.sun.glass.ui.monocle.RunnableProcessor.run(RunnableProcessor.java:51)
	at java.base/java.lang.Thread.run(Thread.java:834)
2022-06-20 12:40:20,416 [INFO] from akka.event.slf4j.Slf4jLogger in application-akka.actor.default-dispatcher-4 - Slf4jLogger started
2022-06-20 12:40:21,661 [INFO] from play.api.Play in Thread-0 - Application started (Prod) (no global state)
2022-06-20 12:40:22,145 [INFO] from play.core.server.AkkaHttpServer in Thread-0 - Enabling HTTP/2 on Akka HTTP server...
2022-06-20 12:40:22,146 [INFO] from play.core.server.AkkaHttpServer in Thread-0 - Listening for HTTP on /0:0:0:0:0:0:0:0:8080
2022-06-20 12:40:22,357 [INFO] from com.jpro.activity in application-akka.actor.default-dispatcher-8 - Starting the server
2022-06-20 12:40:22,358 [INFO] from com.jpro.internal.server.Initializer$ in application-akka.actor.default-dispatcher-8 -  *** Starting JPro: https://www.jpro.one/ ***
2022-06-20 12:40:22,358 [INFO] from com.jpro.internal.server.Initializer$ in application-akka.actor.default-dispatcher-8 - OS: Windows 10
2022-06-20 12:40:22,368 [INFO] from com.jpro.internal.server.Initializer$ in application-akka.actor.default-dispatcher-8 - JPro: 2022.1.2
2022-06-20 12:40:22,368 [INFO] from com.jpro.internal.server.Initializer$ in application-akka.actor.default-dispatcher-8 - Java version: 11.0.14
2022-06-20 12:40:22,368 [INFO] from com.jpro.internal.server.Initializer$ in application-akka.actor.default-dispatcher-8 - JVM: 11.0.14 Oracle Corporation
2022-06-20 12:40:22,371 [INFO] from com.jpro.internal.server.Initializer$ in application-akka.actor.default-dispatcher-8 - JavaFX jar: file:/C:/Users/diego.montes/.m2/repository/org/openjfx/javafx-graphics/18.0.1.1-jpro+0/javafx-graphics-18.0.1.1-jpro+0-win.jar
2022-06-20 12:40:22,385 [INFO] from com.jpro.internal.server.Initializer$ in application-akka.actor.default-dispatcher-8 - redirected OUT / ERR
2022-06-20 12:40:22,385 [INFO] from com.jpro.internal.server.Initializer$ in application-akka.actor.default-dispatcher-8 - installed SLF4JBridge
2022-06-20 12:40:22,465 [WARN] from javafx in application-akka.actor.default-dispatcher-8 - Unsupported JavaFX configuration: classes were loaded from 'unnamed module @1c2a3e4e'
2022-06-20 12:40:22,923 [INFO] from com.jpro.internal.server.Initializer$ in JavaFX Application Thread - JavaFX version: 18.0.1.1-jpro+0-2022-05-06-133527
2022-06-20 12:40:22,955 [INFO] from com.jpro.internal.server.Initializer$ in application-akka.actor.default-dispatcher-8 - finished init!
2022-06-20 12:40:22,993 [INFO] from controllers.jpro in application-akka.actor.default-dispatcher-9 - application requested: default
2022-06-20 12:40:23,007 [INFO] from controllers.jpro in application-akka.actor.default-dispatcher-9 - Creating Application: default
2022-06-20 12:40:23,010 [INFO] from controllers.jpro in application-akka.actor.default-dispatcher-9 - remoteAddress 127.0.0.1
2022-06-20 12:40:23,014 [INFO] from controllers.jpro in application-akka.actor.default-dispatcher-9 - host          localhost:8080
2022-06-20 12:40:23,014 [INFO] from controllers.jpro in application-akka.actor.default-dispatcher-9 - uri           /app/ws/default
2022-06-20 12:40:23,897 [INFO] from controllers.jpro in application-akka.actor.default-dispatcher-12 - application requested: default
2022-06-20 12:40:23,898 [INFO] from controllers.jpro in application-akka.actor.default-dispatcher-12 - Creating Application: default
2022-06-20 12:40:23,898 [INFO] from controllers.jpro in application-akka.actor.default-dispatcher-12 - remoteAddress 0:0:0:0:0:0:0:1
2022-06-20 12:40:23,899 [INFO] from controllers.jpro in application-akka.actor.default-dispatcher-12 - host          localhost:8080
2022-06-20 12:40:23,899 [INFO] from controllers.jpro in application-akka.actor.default-dispatcher-12 - uri           /app/ws/default
2022-06-20 12:40:24,078 [INFO] from com.jpro.JS in JavaFX Application Thread - received msg: new MainID: 212 userid: 1167797801
2022-06-20 12:40:24,106 [INFO] from com.jpro.JS in JavaFX Application Thread - received msg: new MainID: 212 userid: 618954278
2022-06-20 12:42:42,548 [WARN] from com.jpro.internal.server.ViewSerializerActor in application-akka.actor.default-dispatcher-8 - Unexpected message form client, closing session.
2022-06-20 12:42:42,556 [INFO] from com.jpro.internal.stats.ViewInfo$ in JavaFX Application Thread - 
2022-06-20 12:42:42,556 [INFO] from com.jpro.internal.stats.ViewInfo$ in JavaFX Application Thread - Application closed:
2022-06-20 12:42:42,590 [INFO] from com.jpro.internal.stats.ViewInfo$ in JavaFX Application Thread - startTime      : Mon Jun 20 12:42:42 CEST 2022      
2022-06-20 12:42:42,590 [INFO] from com.jpro.internal.stats.ViewInfo$ in JavaFX Application Thread - averageLatency : 00:00:00.002 
2022-06-20 12:42:42,590 [INFO] from com.jpro.internal.stats.ViewInfo$ in JavaFX Application Thread - averageJitter  : 00:00:00.000  
2022-06-20 12:42:42,591 [INFO] from com.jpro.internal.stats.ViewInfo$ in JavaFX Application Thread - framerateServer: 00:00:00.000
2022-06-20 12:42:42,592 [INFO] from com.jpro.internal.stats.ViewInfo$ in JavaFX Application Thread - framerateClient: 00:00:00.000
2022-06-20 12:42:42,592 [INFO] from com.jpro.internal.stats.ViewInfo$ in JavaFX Application Thread - raw            : 218617
2022-06-20 12:42:42,592 [INFO] from com.jpro.internal.stats.ViewInfo$ in JavaFX Application Thread - zipped         : 61626
2022-06-20 12:42:42,592 [INFO] from com.jpro.internal.stats.ViewInfo$ in JavaFX Application Thread - 
2022-06-20 12:42:43,542 [INFO] from com.jpro.internal.communicator.InstanceImpl in JavaFX Application Thread - closing window!
2022-06-20 12:42:44,865 [WARN] from com.jpro.internal.server.ViewSerializerActor in application-akka.actor.default-dispatcher-12 - Unexpected message form client, closing session.
2022-06-20 12:42:44,868 [INFO] from com.jpro.internal.stats.ViewInfo$ in JavaFX Application Thread - 
2022-06-20 12:42:44,868 [INFO] from com.jpro.internal.stats.ViewInfo$ in JavaFX Application Thread - Application closed:
2022-06-20 12:42:44,868 [INFO] from com.jpro.internal.stats.ViewInfo$ in JavaFX Application Thread - startTime      : Mon Jun 20 12:42:44 CEST 2022      
2022-06-20 12:42:44,868 [INFO] from com.jpro.internal.stats.ViewInfo$ in JavaFX Application Thread - averageLatency : 00:00:00.001 
2022-06-20 12:42:44,868 [INFO] from com.jpro.internal.stats.ViewInfo$ in JavaFX Application Thread - averageJitter  : 00:00:00.001  
2022-06-20 12:42:44,868 [INFO] from com.jpro.internal.stats.ViewInfo$ in JavaFX Application Thread - framerateServer: 00:00:00.000
2022-06-20 12:42:44,868 [INFO] from com.jpro.internal.stats.ViewInfo$ in JavaFX Application Thread - framerateClient: 00:00:00.000
2022-06-20 12:42:44,868 [INFO] from com.jpro.internal.stats.ViewInfo$ in JavaFX Application Thread - raw            : 78152
2022-06-20 12:42:44,868 [INFO] from com.jpro.internal.stats.ViewInfo$ in JavaFX Application Thread - zipped         : 21763
2022-06-20 12:42:44,868 [INFO] from com.jpro.internal.stats.ViewInfo$ in JavaFX Application Thread - 
2022-06-20 12:42:45,862 [INFO] from com.jpro.internal.communicator.InstanceImpl in JavaFX Application Thread - closing window!
2022-06-20 13:37:57,852 [INFO] from akka.event.slf4j.Slf4jLogger in application-akka.actor.default-dispatcher-5 - Slf4jLogger started
2022-06-20 13:37:59,842 [INFO] from play.api.Play in Thread-0 - Application started (Prod) (no global state)
2022-06-20 13:38:00,684 [INFO] from play.core.server.AkkaHttpServer in Thread-0 - Enabling HTTP/2 on Akka HTTP server...
2022-06-20 13:38:00,686 [INFO] from play.core.server.AkkaHttpServer in Thread-0 - Listening for HTTP on /0:0:0:0:0:0:0:0:8080
2022-06-20 13:38:01,200 [INFO] from com.jpro.activity in application-akka.actor.default-dispatcher-8 - Starting the server
2022-06-20 13:38:01,202 [INFO] from com.jpro.internal.server.Initializer$ in application-akka.actor.default-dispatcher-8 -  *** Starting JPro: https://www.jpro.one/ ***
2022-06-20 13:38:01,202 [INFO] from com.jpro.internal.server.Initializer$ in application-akka.actor.default-dispatcher-8 - OS: Windows 10
2022-06-20 13:38:01,221 [INFO] from com.jpro.internal.server.Initializer$ in application-akka.actor.default-dispatcher-8 - JPro: 2022.1.2
2022-06-20 13:38:01,221 [INFO] from com.jpro.internal.server.Initializer$ in application-akka.actor.default-dispatcher-8 - Java version: 11.0.14
2022-06-20 13:38:01,221 [INFO] from com.jpro.internal.server.Initializer$ in application-akka.actor.default-dispatcher-8 - JVM: 11.0.14 Oracle Corporation
2022-06-20 13:38:01,226 [INFO] from com.jpro.internal.server.Initializer$ in application-akka.actor.default-dispatcher-8 - JavaFX jar: file:/C:/Users/diego.montes/.m2/repository/org/openjfx/javafx-graphics/18.0.1.1-jpro+0/javafx-graphics-18.0.1.1-jpro+0-win.jar
2022-06-20 13:38:01,245 [INFO] from com.jpro.internal.server.Initializer$ in application-akka.actor.default-dispatcher-8 - redirected OUT / ERR
2022-06-20 13:38:01,245 [INFO] from com.jpro.internal.server.Initializer$ in application-akka.actor.default-dispatcher-8 - installed SLF4JBridge
2022-06-20 13:38:01,405 [WARN] from javafx in application-akka.actor.default-dispatcher-8 - Unsupported JavaFX configuration: classes were loaded from 'unnamed module @763697b7'
2022-06-20 13:38:02,570 [INFO] from com.jpro.internal.server.Initializer$ in JavaFX Application Thread - JavaFX version: 18.0.1.1-jpro+0-2022-05-06-133527
2022-06-20 13:38:02,608 [INFO] from com.jpro.internal.server.Initializer$ in application-akka.actor.default-dispatcher-8 - finished init!
2022-06-20 13:38:04,524 [INFO] from controllers.jpro in application-akka.actor.default-dispatcher-11 - application requested: default
2022-06-20 13:38:04,543 [INFO] from controllers.jpro in application-akka.actor.default-dispatcher-11 - Creating Application: default
2022-06-20 13:38:04,546 [INFO] from controllers.jpro in application-akka.actor.default-dispatcher-11 - remoteAddress 0:0:0:0:0:0:0:1
2022-06-20 13:38:04,550 [INFO] from controllers.jpro in application-akka.actor.default-dispatcher-11 - host          localhost:8080
2022-06-20 13:38:04,550 [INFO] from controllers.jpro in application-akka.actor.default-dispatcher-11 - uri           /app/ws/default
2022-06-20 13:38:06,248 [INFO] from com.jpro.JS in JavaFX Application Thread - received msg: new MainID: 212 userid: 797468909
2022-06-20 13:38:18,686 [WARN] from com.jpro.internal.server.ViewSerializerActor in application-akka.actor.default-dispatcher-12 - Unexpected message form client, closing session.
2022-06-20 13:38:18,691 [INFO] from com.jpro.internal.stats.ViewInfo$ in JavaFX Application Thread - 
2022-06-20 13:38:18,692 [INFO] from com.jpro.internal.stats.ViewInfo$ in JavaFX Application Thread - Application closed:
2022-06-20 13:38:18,707 [INFO] from com.jpro.internal.stats.ViewInfo$ in JavaFX Application Thread - startTime      : Mon Jun 20 13:38:18 CEST 2022      
2022-06-20 13:38:18,707 [INFO] from com.jpro.internal.stats.ViewInfo$ in JavaFX Application Thread - averageLatency : 00:00:00.002 
2022-06-20 13:38:18,707 [INFO] from com.jpro.internal.stats.ViewInfo$ in JavaFX Application Thread - averageJitter  : 00:00:00.001  
2022-06-20 13:38:18,708 [INFO] from com.jpro.internal.stats.ViewInfo$ in JavaFX Application Thread - framerateServer: 00:00:00.000
2022-06-20 13:38:18,709 [INFO] from com.jpro.internal.stats.ViewInfo$ in JavaFX Application Thread - framerateClient: 00:00:00.000
2022-06-20 13:38:18,709 [INFO] from com.jpro.internal.stats.ViewInfo$ in JavaFX Application Thread - raw            : 232912
2022-06-20 13:38:18,710 [INFO] from com.jpro.internal.stats.ViewInfo$ in JavaFX Application Thread - zipped         : 59006
2022-06-20 13:38:18,710 [INFO] from com.jpro.internal.stats.ViewInfo$ in JavaFX Application Thread - 
2022-06-20 13:38:19,685 [INFO] from com.jpro.internal.communicator.InstanceImpl in JavaFX Application Thread - closing window!
